<?xml version="1.0" encoding="UTF-8" standalone="yes"?><!DOCTYPE report PUBLIC "-//JACOCO//DTD Report 1.0//EN" "report.dtd"><report name="User Interface"><sessioninfo id="A-A6N0AS072829236-24b0ef95" start="1535604581063" dump="1535604581830"/><package name="com/apm/app"><class name="com/apm/app/EmployeeUI"><method name="&lt;init&gt;" desc="()V" line="13"><counter type="INSTRUCTION" missed="3" covered="0"/><counter type="LINE" missed="1" covered="0"/><counter type="COMPLEXITY" missed="1" covered="0"/><counter type="METHOD" missed="1" covered="0"/></method><method name="printEmployeeMenu" desc="()V" line="19"><counter type="INSTRUCTION" missed="4" covered="0"/><counter type="LINE" missed="2" covered="0"/><counter type="COMPLEXITY" missed="1" covered="0"/><counter type="METHOD" missed="1" covered="0"/></method><method name="runEmployeeUI" desc="()V" line="29"><counter type="INSTRUCTION" missed="34" covered="0"/><counter type="BRANCH" missed="8" covered="0"/><counter type="LINE" missed="18" covered="0"/><counter type="COMPLEXITY" missed="7" covered="0"/><counter type="METHOD" missed="1" covered="0"/></method><method name="printDisplayEmployeeMenu" desc="()V" line="58"><counter type="INSTRUCTION" missed="4" covered="0"/><counter type="LINE" missed="2" covered="0"/><counter type="COMPLEXITY" missed="1" covered="0"/><counter type="METHOD" missed="1" covered="0"/></method><method name="displayEmployeeMenu" desc="()V" line="68"><counter type="INSTRUCTION" missed="46" covered="0"/><counter type="BRANCH" missed="8" covered="0"/><counter type="LINE" missed="17" covered="0"/><counter type="COMPLEXITY" missed="7" covered="0"/><counter type="METHOD" missed="1" covered="0"/></method><method name="printEmployeeDetailsBySort" desc="(Ljava/util/List;Ljava/lang/String;)V" line="95"><counter type="INSTRUCTION" missed="27" covered="0"/><counter type="BRANCH" missed="6" covered="0"/><counter type="LINE" missed="10" covered="0"/><counter type="COMPLEXITY" missed="4" covered="0"/><counter type="METHOD" missed="1" covered="0"/></method><method name="addNewEmployee" desc="()Ljava/lang/String;" line="119"><counter type="INSTRUCTION" missed="93" covered="0"/><counter type="LINE" missed="22" covered="0"/><counter type="COMPLEXITY" missed="1" covered="0"/><counter type="METHOD" missed="1" covered="0"/></method><method name="deleteEmployee" desc="()Ljava/lang/String;" line="145"><counter type="INSTRUCTION" missed="27" covered="0"/><counter type="LINE" missed="9" covered="0"/><counter type="COMPLEXITY" missed="1" covered="0"/><counter type="METHOD" missed="1" covered="0"/></method><method name="retrieveEmployees" desc="()Ljava/lang/String;" line="159"><counter type="INSTRUCTION" missed="21" covered="0"/><counter type="LINE" missed="7" covered="0"/><counter type="COMPLEXITY" missed="1" covered="0"/><counter type="METHOD" missed="1" covered="0"/></method><method name="editEmployee" desc="(Lcom/apm/core/Employee;)V" line="170"><counter type="INSTRUCTION" missed="51" covered="0"/><counter type="BRANCH" missed="11" covered="0"/><counter type="LINE" missed="20" covered="0"/><counter type="COMPLEXITY" missed="8" covered="0"/><counter type="METHOD" missed="1" covered="0"/></method><method name="printEditEmployeeMenu" desc="()V" line="202"><counter type="INSTRUCTION" missed="4" covered="0"/><counter type="LINE" missed="2" covered="0"/><counter type="COMPLEXITY" missed="1" covered="0"/><counter type="METHOD" missed="1" covered="0"/></method><method name="getEmployeeToEdit" desc="()V" line="211"><counter type="INSTRUCTION" missed="30" covered="0"/><counter type="BRANCH" missed="2" covered="0"/><counter type="LINE" missed="12" covered="0"/><counter type="COMPLEXITY" missed="2" covered="0"/><counter type="METHOD" missed="1" covered="0"/></method><method name="updateEmployeeDetails" desc="(Lcom/apm/core/Employee;)V" line="230"><counter type="INSTRUCTION" missed="55" covered="0"/><counter type="BRANCH" missed="9" covered="0"/><counter type="LINE" missed="20" covered="0"/><counter type="COMPLEXITY" missed="8" covered="0"/><counter type="METHOD" missed="1" covered="0"/></method><method name="editEmployeeName" desc="(Lcom/apm/core/Employee;)Lcom/apm/core/Employee;" line="263"><counter type="INSTRUCTION" missed="35" covered="0"/><counter type="LINE" missed="7" covered="0"/><counter type="COMPLEXITY" missed="1" covered="0"/><counter type="METHOD" missed="1" covered="0"/></method><method name="printUpdateEmployeeDetailsMenu" desc="()V" line="273"><counter type="INSTRUCTION" missed="4" covered="0"/><counter type="LINE" missed="2" covered="0"/><counter type="COMPLEXITY" missed="1" covered="0"/><counter type="METHOD" missed="1" covered="0"/></method><method name="editBirthDate" desc="(Lcom/apm/core/Employee;)Lcom/apm/core/Employee;" line="283"><counter type="INSTRUCTION" missed="22" covered="0"/><counter type="LINE" missed="4" covered="0"/><counter type="COMPLEXITY" missed="1" covered="0"/><counter type="METHOD" missed="1" covered="0"/></method><method name="editAddress" desc="(Lcom/apm/core/Employee;)Lcom/apm/core/Employee;" line="290"><counter type="INSTRUCTION" missed="49" covered="0"/><counter type="LINE" missed="8" covered="0"/><counter type="COMPLEXITY" missed="1" covered="0"/><counter type="METHOD" missed="1" covered="0"/></method><method name="editGwa" desc="(Lcom/apm/core/Employee;)Lcom/apm/core/Employee;" line="301"><counter type="INSTRUCTION" missed="23" covered="0"/><counter type="LINE" missed="4" covered="0"/><counter type="COMPLEXITY" missed="1" covered="0"/><counter type="METHOD" missed="1" covered="0"/></method><method name="editJobInformation" desc="(Lcom/apm/core/Employee;)Lcom/apm/core/Employee;" line="308"><counter type="INSTRUCTION" missed="31" covered="0"/><counter type="LINE" missed="6" covered="0"/><counter type="COMPLEXITY" missed="1" covered="0"/><counter type="METHOD" missed="1" covered="0"/></method><method name="addEmployeeRole" desc="(Lcom/apm/core/Employee;)Lcom/apm/core/Employee;" line="317"><counter type="INSTRUCTION" missed="26" covered="0"/><counter type="LINE" missed="9" covered="0"/><counter type="COMPLEXITY" missed="1" covered="0"/><counter type="METHOD" missed="1" covered="0"/></method><method name="deleteEmployeeRole" desc="(Lcom/apm/core/Employee;)Lcom/apm/core/Employee;" line="330"><counter type="INSTRUCTION" missed="26" covered="0"/><counter type="LINE" missed="9" covered="0"/><counter type="COMPLEXITY" missed="1" covered="0"/><counter type="METHOD" missed="1" covered="0"/></method><method name="getInstance" desc="()Lcom/apm/app/EmployeeUI;" line="343"><counter type="INSTRUCTION" missed="4" covered="0"/><counter type="LINE" missed="1" covered="0"/><counter type="COMPLEXITY" missed="1" covered="0"/><counter type="METHOD" missed="1" covered="0"/></method><method name="lambda$retrieveEmployees$4" desc="(Ljava/lang/StringBuilder;Lcom/apm/core/Employee;)V" line="164"><counter type="INSTRUCTION" missed="12" covered="0"/><counter type="LINE" missed="1" covered="0"/><counter type="COMPLEXITY" missed="1" covered="0"/><counter type="METHOD" missed="1" covered="0"/></method><method name="lambda$retrieveEmployees$3" desc="(Lcom/apm/core/Employee;Lcom/apm/core/Employee;)I" line="163"><counter type="INSTRUCTION" missed="8" covered="0"/><counter type="LINE" missed="1" covered="0"/><counter type="COMPLEXITY" missed="1" covered="0"/><counter type="METHOD" missed="1" covered="0"/></method><method name="lambda$printEmployeeDetailsBySort$2" desc="(Lcom/apm/core/Employee;)V" line="111"><counter type="INSTRUCTION" missed="22" covered="0"/><counter type="LINE" missed="4" covered="0"/><counter type="COMPLEXITY" missed="1" covered="0"/><counter type="METHOD" missed="1" covered="0"/></method><method name="lambda$printEmployeeDetailsBySort$1" desc="(Lcom/apm/core/Employee;)V" line="105"><counter type="INSTRUCTION" missed="17" covered="0"/><counter type="LINE" missed="3" covered="0"/><counter type="COMPLEXITY" missed="1" covered="0"/><counter type="METHOD" missed="1" covered="0"/></method><method name="lambda$printEmployeeDetailsBySort$0" desc="(Lcom/apm/core/Employee;)V" line="98"><counter type="INSTRUCTION" missed="22" covered="0"/><counter type="LINE" missed="4" covered="0"/><counter type="COMPLEXITY" missed="1" covered="0"/><counter type="METHOD" missed="1" covered="0"/></method><method name="&lt;clinit&gt;" desc="()V" line="15"><counter type="INSTRUCTION" missed="7" covered="0"/><counter type="LINE" missed="2" covered="0"/><counter type="COMPLEXITY" missed="1" covered="0"/><counter type="METHOD" missed="1" covered="0"/></method><counter type="INSTRUCTION" missed="707" covered="0"/><counter type="BRANCH" missed="44" covered="0"/><counter type="LINE" missed="205" covered="0"/><counter type="COMPLEXITY" missed="58" covered="0"/><counter type="METHOD" missed="28" covered="0"/><counter type="CLASS" missed="1" covered="0"/></class><class name="com/apm/app/ContactUI"><method name="&lt;init&gt;" desc="()V" line="11"><counter type="INSTRUCTION" missed="3" covered="0"/><counter type="LINE" missed="1" covered="0"/><counter type="COMPLEXITY" missed="1" covered="0"/><counter type="METHOD" missed="1" covered="0"/></method><method name="printContactUI" desc="()V" line="16"><counter type="INSTRUCTION" missed="4" covered="0"/><counter type="LINE" missed="2" covered="0"/><counter type="COMPLEXITY" missed="1" covered="0"/><counter type="METHOD" missed="1" covered="0"/></method><method name="runContactUI" desc="()V" line="25"><counter type="INSTRUCTION" missed="35" covered="0"/><counter type="BRANCH" missed="7" covered="0"/><counter type="LINE" missed="17" covered="0"/><counter type="COMPLEXITY" missed="6" covered="0"/><counter type="METHOD" missed="1" covered="0"/></method><method name="updateEmployeeContact" desc="()V" line="53"><counter type="INSTRUCTION" missed="93" covered="0"/><counter type="BRANCH" missed="12" covered="0"/><counter type="LINE" missed="25" covered="0"/><counter type="COMPLEXITY" missed="7" covered="0"/><counter type="METHOD" missed="1" covered="0"/></method><method name="deleteEmployeeContact" desc="()V" line="84"><counter type="INSTRUCTION" missed="68" covered="0"/><counter type="BRANCH" missed="6" covered="0"/><counter type="LINE" missed="20" covered="0"/><counter type="COMPLEXITY" missed="4" covered="0"/><counter type="METHOD" missed="1" covered="0"/></method><method name="addNewContacts" desc="()Lcom/apm/core/Employee;" line="110"><counter type="INSTRUCTION" missed="29" covered="0"/><counter type="BRANCH" missed="2" covered="0"/><counter type="LINE" missed="8" covered="0"/><counter type="COMPLEXITY" missed="2" covered="0"/><counter type="METHOD" missed="1" covered="0"/></method><method name="getAllContacts" desc="(Z)Ljava/util/Set;" line="123"><counter type="INSTRUCTION" missed="72" covered="0"/><counter type="BRANCH" missed="9" covered="0"/><counter type="LINE" missed="20" covered="0"/><counter type="COMPLEXITY" missed="7" covered="0"/><counter type="METHOD" missed="1" covered="0"/></method><method name="getInstance" desc="()Lcom/apm/app/ContactUI;" line="154"><counter type="INSTRUCTION" missed="4" covered="0"/><counter type="LINE" missed="1" covered="0"/><counter type="COMPLEXITY" missed="1" covered="0"/><counter type="METHOD" missed="1" covered="0"/></method><method name="lambda$deleteEmployeeContact$1" desc="(Lcom/apm/core/Contact;Lcom/apm/core/Contact;)I" line="91"><counter type="INSTRUCTION" missed="8" covered="0"/><counter type="LINE" missed="1" covered="0"/><counter type="COMPLEXITY" missed="1" covered="0"/><counter type="METHOD" missed="1" covered="0"/></method><method name="lambda$updateEmployeeContact$0" desc="(Lcom/apm/core/Contact;Lcom/apm/core/Contact;)I" line="61"><counter type="INSTRUCTION" missed="8" covered="0"/><counter type="LINE" missed="1" covered="0"/><counter type="COMPLEXITY" missed="1" covered="0"/><counter type="METHOD" missed="1" covered="0"/></method><method name="&lt;clinit&gt;" desc="()V" line="13"><counter type="INSTRUCTION" missed="5" covered="0"/><counter type="LINE" missed="1" covered="0"/><counter type="COMPLEXITY" missed="1" covered="0"/><counter type="METHOD" missed="1" covered="0"/></method><counter type="INSTRUCTION" missed="329" covered="0"/><counter type="BRANCH" missed="36" covered="0"/><counter type="LINE" missed="95" covered="0"/><counter type="COMPLEXITY" missed="32" covered="0"/><counter type="METHOD" missed="11" covered="0"/><counter type="CLASS" missed="1" covered="0"/></class><class name="com/apm/app/MainUI"><method name="&lt;init&gt;" desc="()V" line="5"><counter type="INSTRUCTION" missed="3" covered="0"/><counter type="LINE" missed="1" covered="0"/><counter type="COMPLEXITY" missed="1" covered="0"/><counter type="METHOD" missed="1" covered="0"/></method><method name="printChooseFunction" desc="()V" line="8"><counter type="INSTRUCTION" missed="4" covered="0"/><counter type="LINE" missed="2" covered="0"/><counter type="COMPLEXITY" missed="1" covered="0"/><counter type="METHOD" missed="1" covered="0"/></method><method name="MainOperation" desc="()V" line="18"><counter type="INSTRUCTION" missed="33" covered="0"/><counter type="BRANCH" missed="5" covered="0"/><counter type="LINE" missed="14" covered="0"/><counter type="COMPLEXITY" missed="5" covered="0"/><counter type="METHOD" missed="1" covered="0"/></method><method name="main" desc="([Ljava/lang/String;)V" line="43"><counter type="INSTRUCTION" missed="2" covered="0"/><counter type="LINE" missed="2" covered="0"/><counter type="COMPLEXITY" missed="1" covered="0"/><counter type="METHOD" missed="1" covered="0"/></method><counter type="INSTRUCTION" missed="42" covered="0"/><counter type="BRANCH" missed="5" covered="0"/><counter type="LINE" missed="19" covered="0"/><counter type="COMPLEXITY" missed="8" covered="0"/><counter type="METHOD" missed="4" covered="0"/><counter type="CLASS" missed="1" covered="0"/></class><class name="com/apm/app/RoleUI"><method name="&lt;init&gt;" desc="()V" line="15"><counter type="INSTRUCTION" missed="3" covered="0"/><counter type="LINE" missed="1" covered="0"/><counter type="COMPLEXITY" missed="1" covered="0"/><counter type="METHOD" missed="1" covered="0"/></method><method name="printRoleMenu" desc="()V" line="23"><counter type="INSTRUCTION" missed="4" covered="0"/><counter type="LINE" missed="2" covered="0"/><counter type="COMPLEXITY" missed="1" covered="0"/><counter type="METHOD" missed="1" covered="0"/></method><method name="runRoleUI" desc="()V" line="32"><counter type="INSTRUCTION" missed="48" covered="0"/><counter type="BRANCH" missed="8" covered="0"/><counter type="LINE" missed="22" covered="0"/><counter type="COMPLEXITY" missed="7" covered="0"/><counter type="METHOD" missed="1" covered="0"/></method><method name="updateRole" desc="()Ljava/lang/String;" line="67"><counter type="INSTRUCTION" missed="29" covered="0"/><counter type="LINE" missed="9" covered="0"/><counter type="COMPLEXITY" missed="1" covered="0"/><counter type="METHOD" missed="1" covered="0"/></method><method name="addNewRole" desc="()Ljava/lang/String;" line="79"><counter type="INSTRUCTION" missed="20" covered="0"/><counter type="LINE" missed="7" covered="0"/><counter type="COMPLEXITY" missed="1" covered="0"/><counter type="METHOD" missed="1" covered="0"/></method><method name="removeRole" desc="()Ljava/lang/String;" line="91"><counter type="INSTRUCTION" missed="31" covered="0"/><counter type="LINE" missed="11" covered="0"/><counter type="COMPLEXITY" missed="1" covered="0"/><counter type="METHOD" missed="1" covered="0"/></method><method name="getAllRoles" desc="()Ljava/util/Set;" line="107"><counter type="INSTRUCTION" missed="70" covered="0"/><counter type="BRANCH" missed="10" covered="0"/><counter type="LINE" missed="24" covered="0"/><counter type="COMPLEXITY" missed="6" covered="0"/><counter type="METHOD" missed="1" covered="0"/></method><method name="getInstance" desc="()Lcom/apm/app/RoleUI;" line="138"><counter type="INSTRUCTION" missed="4" covered="0"/><counter type="LINE" missed="1" covered="0"/><counter type="COMPLEXITY" missed="1" covered="0"/><counter type="METHOD" missed="1" covered="0"/></method><method name="retrieveAllRoles" desc="()Ljava/lang/String;" line="142"><counter type="INSTRUCTION" missed="21" covered="0"/><counter type="LINE" missed="7" covered="0"/><counter type="COMPLEXITY" missed="1" covered="0"/><counter type="METHOD" missed="1" covered="0"/></method><method name="getEmployeeRolesToAdd" desc="(Lcom/apm/core/Employee;)Ljava/lang/String;" line="152"><counter type="INSTRUCTION" missed="19" covered="0"/><counter type="LINE" missed="6" covered="0"/><counter type="COMPLEXITY" missed="1" covered="0"/><counter type="METHOD" missed="1" covered="0"/></method><method name="getEmployeeRolesToDelete" desc="(Lcom/apm/core/Employee;)Ljava/lang/String;" line="161"><counter type="INSTRUCTION" missed="19" covered="0"/><counter type="LINE" missed="6" covered="0"/><counter type="COMPLEXITY" missed="1" covered="0"/><counter type="METHOD" missed="1" covered="0"/></method><method name="lambda$getEmployeeRolesToDelete$9" desc="(Ljava/lang/StringBuilder;Lcom/apm/core/Roles;)V" line="165"><counter type="INSTRUCTION" missed="12" covered="0"/><counter type="LINE" missed="1" covered="0"/><counter type="COMPLEXITY" missed="1" covered="0"/><counter type="METHOD" missed="1" covered="0"/></method><method name="lambda$getEmployeeRolesToDelete$8" desc="(Lcom/apm/core/Roles;Lcom/apm/core/Roles;)I" line="164"><counter type="INSTRUCTION" missed="8" covered="0"/><counter type="LINE" missed="1" covered="0"/><counter type="COMPLEXITY" missed="1" covered="0"/><counter type="METHOD" missed="1" covered="0"/></method><method name="lambda$getEmployeeRolesToDelete$7" desc="(Lcom/apm/core/Employee;Lcom/apm/core/Roles;)Z" line="163"><counter type="INSTRUCTION" missed="5" covered="0"/><counter type="LINE" missed="1" covered="0"/><counter type="COMPLEXITY" missed="1" covered="0"/><counter type="METHOD" missed="1" covered="0"/></method><method name="lambda$getEmployeeRolesToAdd$6" desc="(Ljava/lang/StringBuilder;Lcom/apm/core/Roles;)V" line="156"><counter type="INSTRUCTION" missed="12" covered="0"/><counter type="LINE" missed="1" covered="0"/><counter type="COMPLEXITY" missed="1" covered="0"/><counter type="METHOD" missed="1" covered="0"/></method><method name="lambda$getEmployeeRolesToAdd$5" desc="(Lcom/apm/core/Roles;Lcom/apm/core/Roles;)I" line="155"><counter type="INSTRUCTION" missed="8" covered="0"/><counter type="LINE" missed="1" covered="0"/><counter type="COMPLEXITY" missed="1" covered="0"/><counter type="METHOD" missed="1" covered="0"/></method><method name="lambda$getEmployeeRolesToAdd$4" desc="(Lcom/apm/core/Employee;Lcom/apm/core/Roles;)Z" line="154"><counter type="INSTRUCTION" missed="9" covered="0"/><counter type="BRANCH" missed="2" covered="0"/><counter type="LINE" missed="1" covered="0"/><counter type="COMPLEXITY" missed="2" covered="0"/><counter type="METHOD" missed="1" covered="0"/></method><method name="lambda$retrieveAllRoles$3" desc="(Ljava/lang/StringBuilder;Lcom/apm/core/Roles;)V" line="147"><counter type="INSTRUCTION" missed="12" covered="0"/><counter type="LINE" missed="1" covered="0"/><counter type="COMPLEXITY" missed="1" covered="0"/><counter type="METHOD" missed="1" covered="0"/></method><method name="lambda$retrieveAllRoles$2" desc="(Lcom/apm/core/Roles;Lcom/apm/core/Roles;)I" line="146"><counter type="INSTRUCTION" missed="8" covered="0"/><counter type="LINE" missed="1" covered="0"/><counter type="COMPLEXITY" missed="1" covered="0"/><counter type="METHOD" missed="1" covered="0"/></method><method name="lambda$getAllRoles$1" desc="(Lcom/apm/core/Roles;Lcom/apm/core/Roles;)I" line="113"><counter type="INSTRUCTION" missed="8" covered="0"/><counter type="LINE" missed="1" covered="0"/><counter type="COMPLEXITY" missed="1" covered="0"/><counter type="METHOD" missed="1" covered="0"/></method><method name="lambda$getAllRoles$0" desc="(Ljava/util/Set;Lcom/apm/core/Roles;)Z" line="112"><counter type="INSTRUCTION" missed="8" covered="0"/><counter type="BRANCH" missed="2" covered="0"/><counter type="LINE" missed="1" covered="0"/><counter type="COMPLEXITY" missed="2" covered="0"/><counter type="METHOD" missed="1" covered="0"/></method><method name="&lt;clinit&gt;" desc="()V" line="17"><counter type="INSTRUCTION" missed="11" covered="0"/><counter type="LINE" missed="3" covered="0"/><counter type="COMPLEXITY" missed="1" covered="0"/><counter type="METHOD" missed="1" covered="0"/></method><counter type="INSTRUCTION" missed="369" covered="0"/><counter type="BRANCH" missed="22" covered="0"/><counter type="LINE" missed="99" covered="0"/><counter type="COMPLEXITY" missed="35" covered="0"/><counter type="METHOD" missed="22" covered="0"/><counter type="CLASS" missed="1" covered="0"/></class><sourcefile name="MainUI.java"><line nr="5" mi="3" ci="0" mb="0" cb="0"/><line nr="8" mi="3" ci="0" mb="0" cb="0"/><line nr="14" mi="1" ci="0" mb="0" cb="0"/><line nr="18" mi="3" ci="0" mb="0" cb="0"/><line nr="19" mi="1" ci="0" mb="0" cb="0"/><line nr="20" mi="3" ci="0" mb="0" cb="0"/><line nr="21" mi="8" ci="0" mb="5" cb="0"/><line nr="23" mi="2" ci="0" mb="0" cb="0"/><line nr="24" mi="1" ci="0" mb="0" cb="0"/><line nr="26" mi="2" ci="0" mb="0" cb="0"/><line nr="27" mi="1" ci="0" mb="0" cb="0"/><line nr="29" mi="2" ci="0" mb="0" cb="0"/><line nr="30" mi="1" ci="0" mb="0" cb="0"/><line nr="32" mi="3" ci="0" mb="0" cb="0"/><line nr="33" mi="2" ci="0" mb="0" cb="0"/><line nr="35" mi="3" ci="0" mb="0" cb="0"/><line nr="38" mi="1" ci="0" mb="0" cb="0"/><line nr="43" mi="1" ci="0" mb="0" cb="0"/><line nr="44" mi="1" ci="0" mb="0" cb="0"/><counter type="INSTRUCTION" missed="42" covered="0"/><counter type="BRANCH" missed="5" covered="0"/><counter type="LINE" missed="19" covered="0"/><counter type="COMPLEXITY" missed="8" covered="0"/><counter type="METHOD" missed="4" covered="0"/><counter type="CLASS" missed="1" covered="0"/></sourcefile><sourcefile name="ContactUI.java"><line nr="11" mi="3" ci="0" mb="0" cb="0"/><line nr="13" mi="5" ci="0" mb="0" cb="0"/><line nr="16" mi="3" ci="0" mb="0" cb="0"/><line nr="21" mi="1" ci="0" mb="0" cb="0"/><line nr="25" mi="1" ci="0" mb="0" cb="0"/><line nr="26" mi="3" ci="0" mb="0" cb="0"/><line nr="28" mi="8" ci="0" mb="5" cb="0"/><line nr="30" mi="5" ci="0" mb="0" cb="0"/><line nr="31" mi="1" ci="0" mb="0" cb="0"/><line nr="33" mi="1" ci="0" mb="0" cb="0"/><line nr="34" mi="1" ci="0" mb="0" cb="0"/><line nr="36" mi="1" ci="0" mb="0" cb="0"/><line nr="37" mi="1" ci="0" mb="0" cb="0"/><line nr="39" mi="1" ci="0" mb="0" cb="0"/><line nr="41" mi="3" ci="0" mb="0" cb="0"/><line nr="44" mi="4" ci="0" mb="2" cb="0"/><line nr="45" mi="1" ci="0" mb="0" cb="0"/><line nr="47" mi="1" ci="0" mb="0" cb="0"/><line nr="48" mi="1" ci="0" mb="0" cb="0"/><line nr="49" mi="1" ci="0" mb="0" cb="0"/><line nr="50" mi="1" ci="0" mb="0" cb="0"/><line nr="53" mi="2" ci="0" mb="0" cb="0"/><line nr="54" mi="2" ci="0" mb="0" cb="0"/><line nr="55" mi="2" ci="0" mb="0" cb="0"/><line nr="56" mi="3" ci="0" mb="0" cb="0"/><line nr="57" mi="4" ci="0" mb="0" cb="0"/><line nr="59" mi="4" ci="0" mb="0" cb="0"/><line nr="60" mi="4" ci="0" mb="0" cb="0"/><line nr="61" mi="14" ci="0" mb="0" cb="0"/><line nr="62" mi="1" ci="0" mb="0" cb="0"/><line nr="63" mi="8" ci="0" mb="0" cb="0"/><line nr="64" mi="5" ci="0" mb="2" cb="0"/><line nr="65" mi="4" ci="0" mb="0" cb="0"/><line nr="66" mi="5" ci="0" mb="2" cb="0"/><line nr="67" mi="4" ci="0" mb="0" cb="0"/><line nr="68" mi="5" ci="0" mb="2" cb="0"/><line nr="69" mi="3" ci="0" mb="0" cb="0"/><line nr="71" mi="7" ci="0" mb="0" cb="0"/><line nr="72" mi="1" ci="0" mb="0" cb="0"/><line nr="73" mi="4" ci="0" mb="4" cb="0"/><line nr="74" mi="4" ci="0" mb="0" cb="0"/><line nr="75" mi="2" ci="0" mb="2" cb="0"/><line nr="76" mi="6" ci="0" mb="0" cb="0"/><line nr="78" mi="5" ci="0" mb="0" cb="0"/><line nr="80" mi="1" ci="0" mb="0" cb="0"/><line nr="81" mi="1" ci="0" mb="0" cb="0"/><line nr="84" mi="2" ci="0" mb="0" cb="0"/><line nr="85" mi="2" ci="0" mb="0" cb="0"/><line nr="86" mi="3" ci="0" mb="0" cb="0"/><line nr="87" mi="4" ci="0" mb="0" cb="0"/><line nr="89" mi="4" ci="0" mb="0" cb="0"/><line nr="90" mi="4" ci="0" mb="0" cb="0"/><line nr="91" mi="14" ci="0" mb="0" cb="0"/><line nr="92" mi="1" ci="0" mb="0" cb="0"/><line nr="93" mi="8" ci="0" mb="0" cb="0"/><line nr="94" mi="6" ci="0" mb="0" cb="0"/><line nr="95" mi="1" ci="0" mb="0" cb="0"/><line nr="96" mi="4" ci="0" mb="4" cb="0"/><line nr="97" mi="4" ci="0" mb="0" cb="0"/><line nr="98" mi="2" ci="0" mb="2" cb="0"/><line nr="99" mi="2" ci="0" mb="0" cb="0"/><line nr="100" mi="6" ci="0" mb="0" cb="0"/><line nr="102" mi="2" ci="0" mb="0" cb="0"/><line nr="103" mi="5" ci="0" mb="0" cb="0"/><line nr="105" mi="1" ci="0" mb="0" cb="0"/><line nr="106" mi="1" ci="0" mb="0" cb="0"/><line nr="110" mi="3" ci="0" mb="0" cb="0"/><line nr="111" mi="2" ci="0" mb="0" cb="0"/><line nr="112" mi="4" ci="0" mb="0" cb="0"/><line nr="113" mi="4" ci="0" mb="0" cb="0"/><line nr="114" mi="2" ci="0" mb="2" cb="0"/><line nr="115" mi="3" ci="0" mb="0" cb="0"/><line nr="116" mi="4" ci="0" mb="0" cb="0"/><line nr="118" mi="7" ci="0" mb="0" cb="0"/><line nr="123" mi="4" ci="0" mb="0" cb="0"/><line nr="125" mi="3" ci="0" mb="0" cb="0"/><line nr="126" mi="3" ci="0" mb="0" cb="0"/><line nr="127" mi="3" ci="0" mb="0" cb="0"/><line nr="128" mi="3" ci="0" mb="0" cb="0"/><line nr="129" mi="3" ci="0" mb="0" cb="0"/><line nr="130" mi="3" ci="0" mb="0" cb="0"/><line nr="131" mi="8" ci="0" mb="5" cb="0"/><line nr="133" mi="8" ci="0" mb="0" cb="0"/><line nr="134" mi="1" ci="0" mb="0" cb="0"/><line nr="136" mi="8" ci="0" mb="0" cb="0"/><line nr="137" mi="1" ci="0" mb="0" cb="0"/><line nr="139" mi="8" ci="0" mb="0" cb="0"/><line nr="140" mi="1" ci="0" mb="0" cb="0"/><line nr="142" mi="5" ci="0" mb="4" cb="0"/><line nr="143" mi="3" ci="0" mb="0" cb="0"/><line nr="144" mi="1" ci="0" mb="0" cb="0"/><line nr="146" mi="2" ci="0" mb="0" cb="0"/><line nr="148" mi="3" ci="0" mb="0" cb="0"/><line nr="150" mi="1" ci="0" mb="0" cb="0"/><line nr="154" mi="4" ci="0" mb="0" cb="0"/><counter type="INSTRUCTION" missed="329" covered="0"/><counter type="BRANCH" missed="36" covered="0"/><counter type="LINE" missed="95" covered="0"/><counter type="COMPLEXITY" missed="32" covered="0"/><counter type="METHOD" missed="11" covered="0"/><counter type="CLASS" missed="1" covered="0"/></sourcefile><sourcefile name="EmployeeUI.java"><line nr="13" mi="3" ci="0" mb="0" cb="0"/><line nr="15" mi="4" ci="0" mb="0" cb="0"/><line nr="16" mi="3" ci="0" mb="0" cb="0"/><line nr="19" mi="3" ci="0" mb="0" cb="0"/><line nr="25" mi="1" ci="0" mb="0" cb="0"/><line nr="29" mi="1" ci="0" mb="0" cb="0"/><line nr="30" mi="3" ci="0" mb="0" cb="0"/><line nr="32" mi="8" ci="0" mb="6" cb="0"/><line nr="34" mi="3" ci="0" mb="0" cb="0"/><line nr="35" mi="1" ci="0" mb="0" cb="0"/><line nr="37" mi="1" ci="0" mb="0" cb="0"/><line nr="38" mi="1" ci="0" mb="0" cb="0"/><line nr="40" mi="1" ci="0" mb="0" cb="0"/><line nr="41" mi="1" ci="0" mb="0" cb="0"/><line nr="43" mi="3" ci="0" mb="0" cb="0"/><line nr="44" mi="1" ci="0" mb="0" cb="0"/><line nr="46" mi="1" ci="0" mb="0" cb="0"/><line nr="49" mi="1" ci="0" mb="0" cb="0"/><line nr="50" mi="1" ci="0" mb="0" cb="0"/><line nr="51" mi="4" ci="0" mb="2" cb="0"/><line nr="52" mi="1" ci="0" mb="0" cb="0"/><line nr="54" mi="1" ci="0" mb="0" cb="0"/><line nr="55" mi="1" ci="0" mb="0" cb="0"/><line nr="58" mi="3" ci="0" mb="0" cb="0"/><line nr="64" mi="1" ci="0" mb="0" cb="0"/><line nr="68" mi="1" ci="0" mb="0" cb="0"/><line nr="69" mi="4" ci="0" mb="0" cb="0"/><line nr="70" mi="3" ci="0" mb="0" cb="0"/><line nr="71" mi="8" ci="0" mb="6" cb="0"/><line nr="73" mi="3" ci="0" mb="0" cb="0"/><line nr="74" mi="1" ci="0" mb="0" cb="0"/><line nr="76" mi="5" ci="0" mb="0" cb="0"/><line nr="77" mi="1" ci="0" mb="0" cb="0"/><line nr="79" mi="5" ci="0" mb="0" cb="0"/><line nr="80" mi="1" ci="0" mb="0" cb="0"/><line nr="82" mi="5" ci="0" mb="0" cb="0"/><line nr="83" mi="1" ci="0" mb="0" cb="0"/><line nr="85" mi="1" ci="0" mb="0" cb="0"/><line nr="88" mi="4" ci="0" mb="2" cb="0"/><line nr="89" mi="1" ci="0" mb="0" cb="0"/><line nr="91" mi="1" ci="0" mb="0" cb="0"/><line nr="92" mi="1" ci="0" mb="0" cb="0"/><line nr="95" mi="4" ci="0" mb="2" cb="0"/><line nr="96" mi="3" ci="0" mb="0" cb="0"/><line nr="97" mi="2" ci="0" mb="0" cb="0"/><line nr="98" mi="13" ci="0" mb="0" cb="0"/><line nr="99" mi="5" ci="0" mb="0" cb="0"/><line nr="100" mi="3" ci="0" mb="0" cb="0"/><line nr="101" mi="1" ci="0" mb="0" cb="0"/><line nr="102" mi="4" ci="0" mb="2" cb="0"/><line nr="103" mi="3" ci="0" mb="0" cb="0"/><line nr="104" mi="2" ci="0" mb="0" cb="0"/><line nr="105" mi="13" ci="0" mb="0" cb="0"/><line nr="106" mi="3" ci="0" mb="0" cb="0"/><line nr="107" mi="1" ci="0" mb="0" cb="0"/><line nr="108" mi="4" ci="0" mb="2" cb="0"/><line nr="109" mi="3" ci="0" mb="0" cb="0"/><line nr="110" mi="1" ci="0" mb="0" cb="0"/><line nr="111" mi="13" ci="0" mb="0" cb="0"/><line nr="112" mi="5" ci="0" mb="0" cb="0"/><line nr="113" mi="3" ci="0" mb="0" cb="0"/><line nr="114" mi="1" ci="0" mb="0" cb="0"/><line nr="116" mi="1" ci="0" mb="0" cb="0"/><line nr="119" mi="3" ci="0" mb="0" cb="0"/><line nr="120" mi="3" ci="0" mb="0" cb="0"/><line nr="121" mi="4" ci="0" mb="0" cb="0"/><line nr="122" mi="4" ci="0" mb="0" cb="0"/><line nr="123" mi="4" ci="0" mb="0" cb="0"/><line nr="124" mi="4" ci="0" mb="0" cb="0"/><line nr="125" mi="4" ci="0" mb="0" cb="0"/><line nr="126" mi="3" ci="0" mb="0" cb="0"/><line nr="127" mi="3" ci="0" mb="0" cb="0"/><line nr="128" mi="4" ci="0" mb="0" cb="0"/><line nr="129" mi="3" ci="0" mb="0" cb="0"/><line nr="130" mi="3" ci="0" mb="0" cb="0"/><line nr="131" mi="4" ci="0" mb="0" cb="0"/><line nr="132" mi="4" ci="0" mb="0" cb="0"/><line nr="133" mi="4" ci="0" mb="0" cb="0"/><line nr="134" mi="4" ci="0" mb="0" cb="0"/><line nr="135" mi="4" ci="0" mb="0" cb="0"/><line nr="136" mi="4" ci="0" mb="0" cb="0"/><line nr="137" mi="3" ci="0" mb="0" cb="0"/><line nr="138" mi="19" ci="0" mb="0" cb="0"/><line nr="139" mi="3" ci="0" mb="0" cb="0"/><line nr="141" mi="2" ci="0" mb="0" cb="0"/><line nr="145" mi="2" ci="0" mb="0" cb="0"/><line nr="146" mi="3" ci="0" mb="0" cb="0"/><line nr="147" mi="3" ci="0" mb="0" cb="0"/><line nr="148" mi="3" ci="0" mb="0" cb="0"/><line nr="149" mi="4" ci="0" mb="0" cb="0"/><line nr="151" mi="4" ci="0" mb="0" cb="0"/><line nr="152" mi="1" ci="0" mb="0" cb="0"/><line nr="153" mi="5" ci="0" mb="0" cb="0"/><line nr="154" mi="2" ci="0" mb="0" cb="0"/><line nr="159" mi="3" ci="0" mb="0" cb="0"/><line nr="160" mi="4" ci="0" mb="0" cb="0"/><line nr="161" mi="4" ci="0" mb="0" cb="0"/><line nr="162" mi="3" ci="0" mb="0" cb="0"/><line nr="163" mi="11" ci="0" mb="0" cb="0"/><line nr="164" mi="13" ci="0" mb="0" cb="0"/><line nr="165" mi="3" ci="0" mb="0" cb="0"/><line nr="170" mi="1" ci="0" mb="0" cb="0"/><line nr="171" mi="3" ci="0" mb="0" cb="0"/><line nr="173" mi="8" ci="0" mb="5" cb="0"/><line nr="175" mi="2" ci="0" mb="0" cb="0"/><line nr="176" mi="1" ci="0" mb="0" cb="0"/><line nr="178" mi="3" ci="0" mb="0" cb="0"/><line nr="179" mi="1" ci="0" mb="0" cb="0"/><line nr="181" mi="3" ci="0" mb="0" cb="0"/><line nr="182" mi="1" ci="0" mb="0" cb="0"/><line nr="184" mi="1" ci="0" mb="0" cb="0"/><line nr="186" mi="3" ci="0" mb="0" cb="0"/><line nr="190" mi="4" ci="0" mb="2" cb="0"/><line nr="191" mi="1" ci="0" mb="0" cb="0"/><line nr="192" mi="8" ci="0" mb="4" cb="0"/><line nr="193" mi="5" ci="0" mb="0" cb="0"/><line nr="195" mi="1" ci="0" mb="0" cb="0"/><line nr="196" mi="2" ci="0" mb="0" cb="0"/><line nr="197" mi="1" ci="0" mb="0" cb="0"/><line nr="198" mi="1" ci="0" mb="0" cb="0"/><line nr="199" mi="1" ci="0" mb="0" cb="0"/><line nr="202" mi="3" ci="0" mb="0" cb="0"/><line nr="207" mi="1" ci="0" mb="0" cb="0"/><line nr="211" mi="2" ci="0" mb="0" cb="0"/><line nr="212" mi="3" ci="0" mb="0" cb="0"/><line nr="213" mi="3" ci="0" mb="0" cb="0"/><line nr="214" mi="4" ci="0" mb="0" cb="0"/><line nr="216" mi="4" ci="0" mb="0" cb="0"/><line nr="217" mi="4" ci="0" mb="2" cb="0"/><line nr="218" mi="2" ci="0" mb="0" cb="0"/><line nr="220" mi="1" ci="0" mb="0" cb="0"/><line nr="221" mi="1" ci="0" mb="0" cb="0"/><line nr="222" mi="3" ci="0" mb="0" cb="0"/><line nr="223" mi="2" ci="0" mb="0" cb="0"/><line nr="226" mi="1" ci="0" mb="0" cb="0"/><line nr="230" mi="1" ci="0" mb="0" cb="0"/><line nr="231" mi="3" ci="0" mb="0" cb="0"/><line nr="232" mi="8" ci="0" mb="7" cb="0"/><line nr="234" mi="3" ci="0" mb="0" cb="0"/><line nr="235" mi="1" ci="0" mb="0" cb="0"/><line nr="237" mi="3" ci="0" mb="0" cb="0"/><line nr="238" mi="1" ci="0" mb="0" cb="0"/><line nr="240" mi="3" ci="0" mb="0" cb="0"/><line nr="241" mi="1" ci="0" mb="0" cb="0"/><line nr="243" mi="3" ci="0" mb="0" cb="0"/><line nr="244" mi="1" ci="0" mb="0" cb="0"/><line nr="246" mi="3" ci="0" mb="0" cb="0"/><line nr="247" mi="1" ci="0" mb="0" cb="0"/><line nr="249" mi="1" ci="0" mb="0" cb="0"/><line nr="251" mi="3" ci="0" mb="0" cb="0"/><line nr="254" mi="4" ci="0" mb="2" cb="0"/><line nr="255" mi="1" ci="0" mb="0" cb="0"/><line nr="257" mi="12" ci="0" mb="0" cb="0"/><line nr="259" mi="1" ci="0" mb="0" cb="0"/><line nr="260" mi="1" ci="0" mb="0" cb="0"/><line nr="263" mi="3" ci="0" mb="0" cb="0"/><line nr="264" mi="6" ci="0" mb="0" cb="0"/><line nr="265" mi="6" ci="0" mb="0" cb="0"/><line nr="266" mi="6" ci="0" mb="0" cb="0"/><line nr="267" mi="6" ci="0" mb="0" cb="0"/><line nr="268" mi="6" ci="0" mb="0" cb="0"/><line nr="269" mi="2" ci="0" mb="0" cb="0"/><line nr="273" mi="3" ci="0" mb="0" cb="0"/><line nr="280" mi="1" ci="0" mb="0" cb="0"/><line nr="283" mi="3" ci="0" mb="0" cb="0"/><line nr="284" mi="13" ci="0" mb="0" cb="0"/><line nr="285" mi="4" ci="0" mb="0" cb="0"/><line nr="286" mi="2" ci="0" mb="0" cb="0"/><line nr="290" mi="3" ci="0" mb="0" cb="0"/><line nr="291" mi="14" ci="0" mb="0" cb="0"/><line nr="292" mi="6" ci="0" mb="0" cb="0"/><line nr="293" mi="6" ci="0" mb="0" cb="0"/><line nr="294" mi="6" ci="0" mb="0" cb="0"/><line nr="295" mi="6" ci="0" mb="0" cb="0"/><line nr="296" mi="6" ci="0" mb="0" cb="0"/><line nr="297" mi="2" ci="0" mb="0" cb="0"/><line nr="301" mi="3" ci="0" mb="0" cb="0"/><line nr="302" mi="13" ci="0" mb="0" cb="0"/><line nr="303" mi="5" ci="0" mb="0" cb="0"/><line nr="304" mi="2" ci="0" mb="0" cb="0"/><line nr="308" mi="3" ci="0" mb="0" cb="0"/><line nr="309" mi="13" ci="0" mb="0" cb="0"/><line nr="310" mi="5" ci="0" mb="0" cb="0"/><line nr="311" mi="4" ci="0" mb="0" cb="0"/><line nr="312" mi="4" ci="0" mb="0" cb="0"/><line nr="313" mi="2" ci="0" mb="0" cb="0"/><line nr="317" mi="3" ci="0" mb="0" cb="0"/><line nr="318" mi="5" ci="0" mb="0" cb="0"/><line nr="319" mi="4" ci="0" mb="0" cb="0"/><line nr="321" mi="5" ci="0" mb="0" cb="0"/><line nr="322" mi="1" ci="0" mb="0" cb="0"/><line nr="323" mi="3" ci="0" mb="0" cb="0"/><line nr="324" mi="2" ci="0" mb="0" cb="0"/><line nr="325" mi="1" ci="0" mb="0" cb="0"/><line nr="326" mi="2" ci="0" mb="0" cb="0"/><line nr="330" mi="3" ci="0" mb="0" cb="0"/><line nr="331" mi="5" ci="0" mb="0" cb="0"/><line nr="332" mi="4" ci="0" mb="0" cb="0"/><line nr="334" mi="5" ci="0" mb="0" cb="0"/><line nr="335" mi="1" ci="0" mb="0" cb="0"/><line nr="336" mi="3" ci="0" mb="0" cb="0"/><line nr="337" mi="2" ci="0" mb="0" cb="0"/><line nr="338" mi="1" ci="0" mb="0" cb="0"/><line nr="339" mi="2" ci="0" mb="0" cb="0"/><line nr="343" mi="4" ci="0" mb="0" cb="0"/><counter type="INSTRUCTION" missed="707" covered="0"/><counter type="BRANCH" missed="44" covered="0"/><counter type="LINE" missed="205" covered="0"/><counter type="COMPLEXITY" missed="58" covered="0"/><counter type="METHOD" missed="28" covered="0"/><counter type="CLASS" missed="1" covered="0"/></sourcefile><sourcefile name="RoleUI.java"><line nr="15" mi="3" ci="0" mb="0" cb="0"/><line nr="17" mi="4" ci="0" mb="0" cb="0"/><line nr="18" mi="4" ci="0" mb="0" cb="0"/><line nr="20" mi="3" ci="0" mb="0" cb="0"/><line nr="23" mi="3" ci="0" mb="0" cb="0"/><line nr="29" mi="1" ci="0" mb="0" cb="0"/><line nr="32" mi="3" ci="0" mb="0" cb="0"/><line nr="33" mi="2" ci="0" mb="0" cb="0"/><line nr="35" mi="1" ci="0" mb="0" cb="0"/><line nr="36" mi="3" ci="0" mb="0" cb="0"/><line nr="38" mi="8" ci="0" mb="6" cb="0"/><line nr="40" mi="3" ci="0" mb="0" cb="0"/><line nr="41" mi="1" ci="0" mb="0" cb="0"/><line nr="43" mi="2" ci="0" mb="0" cb="0"/><line nr="44" mi="1" ci="0" mb="0" cb="0"/><line nr="46" mi="3" ci="0" mb="0" cb="0"/><line nr="47" mi="1" ci="0" mb="0" cb="0"/><line nr="49" mi="3" ci="0" mb="0" cb="0"/><line nr="50" mi="1" ci="0" mb="0" cb="0"/><line nr="52" mi="1" ci="0" mb="0" cb="0"/><line nr="54" mi="3" ci="0" mb="0" cb="0"/><line nr="56" mi="4" ci="0" mb="2" cb="0"/><line nr="57" mi="1" ci="0" mb="0" cb="0"/><line nr="59" mi="1" ci="0" mb="0" cb="0"/><line nr="60" mi="3" ci="0" mb="0" cb="0"/><line nr="61" mi="1" ci="0" mb="0" cb="0"/><line nr="62" mi="1" ci="0" mb="0" cb="0"/><line nr="63" mi="1" ci="0" mb="0" cb="0"/><line nr="67" mi="3" ci="0" mb="0" cb="0"/><line nr="68" mi="6" ci="0" mb="0" cb="0"/><line nr="69" mi="7" ci="0" mb="0" cb="0"/><line nr="70" mi="3" ci="0" mb="0" cb="0"/><line nr="71" mi="1" ci="0" mb="0" cb="0"/><line nr="72" mi="4" ci="0" mb="0" cb="0"/><line nr="73" mi="2" ci="0" mb="0" cb="0"/><line nr="74" mi="1" ci="0" mb="0" cb="0"/><line nr="75" mi="2" ci="0" mb="0" cb="0"/><line nr="79" mi="3" ci="0" mb="0" cb="0"/><line nr="81" mi="5" ci="0" mb="0" cb="0"/><line nr="82" mi="2" ci="0" mb="0" cb="0"/><line nr="83" mi="1" ci="0" mb="0" cb="0"/><line nr="84" mi="5" ci="0" mb="0" cb="0"/><line nr="85" mi="2" ci="0" mb="0" cb="0"/><line nr="86" mi="2" ci="0" mb="0" cb="0"/><line nr="91" mi="3" ci="0" mb="0" cb="0"/><line nr="92" mi="3" ci="0" mb="0" cb="0"/><line nr="93" mi="3" ci="0" mb="0" cb="0"/><line nr="94" mi="4" ci="0" mb="0" cb="0"/><line nr="96" mi="4" ci="0" mb="0" cb="0"/><line nr="97" mi="1" ci="0" mb="0" cb="0"/><line nr="98" mi="3" ci="0" mb="0" cb="0"/><line nr="99" mi="2" ci="0" mb="0" cb="0"/><line nr="100" mi="1" ci="0" mb="0" cb="0"/><line nr="101" mi="5" ci="0" mb="0" cb="0"/><line nr="102" mi="2" ci="0" mb="0" cb="0"/><line nr="107" mi="4" ci="0" mb="0" cb="0"/><line nr="108" mi="4" ci="0" mb="0" cb="0"/><line nr="110" mi="3" ci="0" mb="0" cb="0"/><line nr="111" mi="4" ci="0" mb="0" cb="0"/><line nr="112" mi="10" ci="0" mb="2" cb="0"/><line nr="113" mi="9" ci="0" mb="0" cb="0"/><line nr="114" mi="4" ci="0" mb="0" cb="0"/><line nr="115" mi="3" ci="0" mb="2" cb="0"/><line nr="116" mi="1" ci="0" mb="0" cb="0"/><line nr="118" mi="7" ci="0" mb="0" cb="0"/><line nr="119" mi="4" ci="0" mb="0" cb="0"/><line nr="121" mi="6" ci="0" mb="0" cb="0"/><line nr="122" mi="1" ci="0" mb="0" cb="0"/><line nr="123" mi="3" ci="0" mb="0" cb="0"/><line nr="124" mi="1" ci="0" mb="0" cb="0"/><line nr="125" mi="1" ci="0" mb="0" cb="0"/><line nr="126" mi="3" ci="0" mb="0" cb="0"/><line nr="127" mi="5" ci="0" mb="4" cb="0"/><line nr="128" mi="1" ci="0" mb="0" cb="0"/><line nr="129" mi="5" ci="0" mb="4" cb="0"/><line nr="130" mi="3" ci="0" mb="0" cb="0"/><line nr="131" mi="1" ci="0" mb="0" cb="0"/><line nr="133" mi="1" ci="0" mb="0" cb="0"/><line nr="134" mi="2" ci="0" mb="0" cb="0"/><line nr="138" mi="4" ci="0" mb="0" cb="0"/><line nr="142" mi="3" ci="0" mb="0" cb="0"/><line nr="143" mi="4" ci="0" mb="0" cb="0"/><line nr="144" mi="4" ci="0" mb="0" cb="0"/><line nr="145" mi="3" ci="0" mb="0" cb="0"/><line nr="146" mi="11" ci="0" mb="0" cb="0"/><line nr="147" mi="13" ci="0" mb="0" cb="0"/><line nr="148" mi="3" ci="0" mb="0" cb="0"/><line nr="152" mi="4" ci="0" mb="0" cb="0"/><line nr="153" mi="6" ci="0" mb="0" cb="0"/><line nr="154" mi="11" ci="0" mb="2" cb="0"/><line nr="155" mi="11" ci="0" mb="0" cb="0"/><line nr="156" mi="13" ci="0" mb="0" cb="0"/><line nr="157" mi="3" ci="0" mb="0" cb="0"/><line nr="161" mi="4" ci="0" mb="0" cb="0"/><line nr="162" mi="6" ci="0" mb="0" cb="0"/><line nr="163" mi="7" ci="0" mb="0" cb="0"/><line nr="164" mi="11" ci="0" mb="0" cb="0"/><line nr="165" mi="13" ci="0" mb="0" cb="0"/><line nr="166" mi="3" ci="0" mb="0" cb="0"/><counter type="INSTRUCTION" missed="369" covered="0"/><counter type="BRANCH" missed="22" covered="0"/><counter type="LINE" missed="99" covered="0"/><counter type="COMPLEXITY" missed="35" covered="0"/><counter type="METHOD" missed="22" covered="0"/><counter type="CLASS" missed="1" covered="0"/></sourcefile><counter type="INSTRUCTION" missed="1447" covered="0"/><counter type="BRANCH" missed="107" covered="0"/><counter type="LINE" missed="418" covered="0"/><counter type="COMPLEXITY" missed="133" covered="0"/><counter type="METHOD" missed="65" covered="0"/><counter type="CLASS" missed="4" covered="0"/></package><counter type="INSTRUCTION" missed="1447" covered="0"/><counter type="BRANCH" missed="107" covered="0"/><counter type="LINE" missed="418" covered="0"/><counter type="COMPLEXITY" missed="133" covered="0"/><counter type="METHOD" missed="65" covered="0"/><counter type="CLASS" missed="4" covered="0"/></report>